WARNING: The return values reported here may be bugged on some systems.
          See https://github.com/gavinfielder/pft/issues/11
          Run in non-fork mode (-X) to ensure accurate return value
          reporting, set IGNORE_RETURN_VALUE=1 in options-config.ini,
          or run test_pipes.sh to see if your system has this bug.
          This bug does not affect the pass/fail result of a test, nor
          the function output--only the reported return value.


Test  12 (nocrash_nullspec_5w) : FAILED.
    (nocrash test: automatically passes provided no unexpected failure)
    First line of code: {return test("%5");}
    SEGFAULT

Test  13 (nocrash_nullspec_5wzp) : FAILED.
    (nocrash test: automatically passes provided no unexpected failure)
    First line of code: {return test("%05");}
    SEGFAULT

Test  14 (nocrash_nullspec_5wzplj) : FAILED.
    (nocrash test: automatically passes provided no unexpected failure)
    First line of code: {return test("%-05");}
    SEGFAULT

Test  15 (nocrash_nullspec_5wlj) : FAILED.
    (nocrash test: automatically passes provided no unexpected failure)
    First line of code: {return test("%-5");}
    SEGFAULT

Test  31 (s_string_prec_trunc) : FAILED.
    First line of code: {return test("%.3s", "hello");}
      expected return value : 3
      your return value     : 5
      expected output : "hel"
      your output     : "hello"
      expected (nonprintable as hex) : "hel"
      actual   (nonprintable as hex) : "hello"

Test  32 (s_string_prec_default) : FAILED.
    First line of code: {return test("%.s", "hello");}
      expected return value : 0
      your return value     : 5
      expected output : ""
      your output     : "hello"
      expected (nonprintable as hex) : ""
      actual   (nonprintable as hex) : "hello"

Test  33 (s_string_prec_zero) : FAILED.
    First line of code: {return test("%.0s", "hello");}
      expected return value : 0
      your return value     : 5
      expected output : ""
      your output     : "hello"
      expected (nonprintable as hex) : ""
      actual   (nonprintable as hex) : "hello"

Test  34 (s_two_strings_prec_2trunc) : FAILED.
    First line of code: {return test("%.3s%.2s", "holla", "bitch");}
      expected return value : 5
      your return value     : 11
      expected output : "holbi"
      your output     : "hollabitch"
      expected (nonprintable as hex) : "holbi"
      actual   (nonprintable as hex) : "hollabitch"

Test  35 (s_two_strings_prec_1trunc_a) : FAILED.
    First line of code: {return test("%.2s%.7s", "hello", "world");}
      expected return value : 7
      your return value     : 11
      expected output : "heworld"
      your output     : "helloworld"
      expected (nonprintable as hex) : "heworld"
      actual   (nonprintable as hex) : "helloworld"

Test  36 (s_two_strings_prec_1trunc_b) : FAILED.
    First line of code: {return test("%.7s%.2s", "hello", "world");}
      expected return value : 7
      your return value     : 11
      expected output : "hellowo"
      your output     : "helloworld"
      expected (nonprintable as hex) : "hellowo"
      actual   (nonprintable as hex) : "helloworld"

Test  39 (s_string_prec_width_trunc) : FAILED.
    First line of code: {return test("%7.5s", "bombastic");}
      expected return value : 7
      your return value     : 9
      expected output : "  bomba"
      your output     : "bombastic"
      expected (nonprintable as hex) : "  bomba"
      actual   (nonprintable as hex) : "bombastic"

Test  41 (s_string_prec_width_trunc_lj) : FAILED.
    First line of code: {return test("%-7.5s", "tubular");}
      expected return value : 7
      your return value     : 7
      expected output : "tubul  "
      your output     : "tubular"
      expected (nonprintable as hex) : "tubul  "
      actual   (nonprintable as hex) : "tubular"

Test  46 (s_two_s_prec_width_2fit_1trunc_a) : FAILED.
    First line of code: {return test("%7.3s%7.7s", "hello", "world");}
      expected return value : 15
      your return value     : 15
      expected output : "    hel  world"
      your output     : "  hello  world"
      expected (nonprintable as hex) : "    hel  world"
      actual   (nonprintable as hex) : "  hello  world"

Test  47 (s_two_s_prec_width_1fit_a_1trunc_a) : FAILED.
    First line of code: {return test("%3.3s%7.7s", "hello", "world");}
      expected return value : 11
      your return value     : 13
      expected output : "hel  world"
      your output     : "hello  world"
      expected (nonprintable as hex) : "hel  world"
      actual   (nonprintable as hex) : "hello  world"

Test  48 (s_two_s_prec_width_1fit_b_1trunc_a) : FAILED.
    First line of code: {return test("%7.3s%3.7s", "hello", "world");}
      expected return value : 13
      your return value     : 13
      expected output : "    helworld"
      your output     : "  helloworld"
      expected (nonprintable as hex) : "    helworld"
      actual   (nonprintable as hex) : "  helloworld"

Test  49 (s_two_s_prec_width_0fit_1trunc_a) : FAILED.
    First line of code: {return test("%3.3s%3.7s", "hello", "world");}
      expected return value : 8
      your return value     : 11
      expected output : "helworld"
      your output     : "helloworld"
      expected (nonprintable as hex) : "helworld"
      actual   (nonprintable as hex) : "helloworld"

Test  50 (s_two_s_prec_width_2fit_1trunc_b) : FAILED.
    First line of code: {return test("%7.7s%7.3s", "hello", "world");}
      expected return value : 15
      your return value     : 15
      expected output : "  hello    wor"
      your output     : "  hello  world"
      expected (nonprintable as hex) : "  hello    wor"
      actual   (nonprintable as hex) : "  hello  world"

Test  51 (s_two_s_prec_width_1fit_a_1trunc_b) : FAILED.
    First line of code: {return test("%3.7s%7.3s", "hello", "world");}
      expected return value : 13
      your return value     : 13
      expected output : "hello    wor"
      your output     : "hello  world"
      expected (nonprintable as hex) : "hello    wor"
      actual   (nonprintable as hex) : "hello  world"

Test  52 (s_two_s_prec_width_1fit_b_1trunc_b) : FAILED.
    First line of code: {return test("%7.7s%3.3s", "hello", "world");}
      expected return value : 11
      your return value     : 13
      expected output : "  hellowor"
      your output     : "  helloworld"
      expected (nonprintable as hex) : "  hellowor"
      actual   (nonprintable as hex) : "  helloworld"

